<?xml version="1.0" encoding="UTF-8"?>
<testsuite name="com.jaydevops.helloworldtest.GreeterTest" tests="1" skipped="0" failures="0" errors="0" timestamp="2017-02-16T04:28:57" hostname="DESKTOP-LNRQOSK" time="0.003">
  <properties/>
  <testcase name="testSayHelloMethod" classname="com.jaydevops.helloworldtest.GreeterTest" time="0.003"/>
  <system-out><![CDATA[]]></system-out>
  <system-err><![CDATA[]]></system-err>
</testsuite>
